This file contains any messages produced by compilers while
running configure, to aid debugging if configure makes a mistake.

It was created by reed_tddft configure 1.0, which was
generated by GNU Autoconf 2.63.  Invocation command line was

  $ ./configure --with-qepath=..

## --------- ##
## Platform. ##
## --------- ##

hostname = ahpcrc-login02.stanford.edu
uname -m = x86_64
uname -r = 2.6.32-431.3.1.el6.x86_64
uname -s = Linux
uname -v = #1 SMP Fri Dec 13 06:58:20 EST 2013

/usr/bin/uname -p = unknown
/bin/uname -X     = unknown

/bin/arch              = x86_64
/usr/bin/arch -k       = unknown
/usr/convex/getsysinfo = unknown
/usr/bin/hostinfo      = unknown
/bin/machine           = unknown
/usr/bin/oslevel       = unknown
/bin/universe          = unknown

PATH: /share/sw/licensed/intel/pstudio_xe_cluster-2015/impi/5.0.1.035/intel64/bin
PATH: /share/sw/licensed/intel/pstudio_xe_cluster-2015/composer_xe_2015.0.090/debugger/gdb/intel64_mic/bin
PATH: /share/sw/licensed/intel/pstudio_xe_cluster-2015/composer_xe_2015.0.090/mpirt/bin/intel64
PATH: /share/sw/licensed/intel/pstudio_xe_cluster-2015/composer_xe_2015.0.090/bin/intel64
PATH: /share/sw/licensed/intel/pstudio_xe_cluster-2015/itac/9.0.1.033/intel64/bin
PATH: /share/sw/licensed/intel/pstudio_xe_cluster-2015/inspector_xe_2015.1.0.366509/bin64
PATH: /share/sw/licensed/intel/pstudio_xe_cluster-2015/vtune_amplifier_xe_2015.1.0.367959/bin64
PATH: /share/sw/licensed/intel/pstudio_xe_cluster-2015/advisor_xe_2015.1.0.367266/bin64
PATH: /share/sw/licensed/intel/pstudio_xe_cluster-2015/bin
PATH: /share/sw/srcc/bin
PATH: /usr/lib64/qt-3.3/bin
PATH: /usr/local/bin
PATH: /bin
PATH: /usr/bin
PATH: /usr/local/sbin
PATH: /usr/sbin
PATH: /sbin
PATH: /opt/ganglia/bin
PATH: /opt/ganglia/sbin
PATH: /usr/java/latest/bin
PATH: /opt/pdsh/bin
PATH: /opt/rocks/bin
PATH: /opt/rocks/sbin
PATH: /opt/dell/srvadmin/bin
PATH: /home/sy0302/bin


## ----------- ##
## Core tests. ##
## ----------- ##

configure:1739: checking for /home/sy0302/works/espresso/make.sys
configure:1756: result: yes
configure:1771: checking for /home/sy0302/works/espresso/Modules/version.f90
configure:1788: result: yes
configure:1961: creating ./config.status

## ---------------------- ##
## Running config.status. ##
## ---------------------- ##

This file was extended by reed_tddft config.status 1.0, which was
generated by GNU Autoconf 2.63.  Invocation command line was

  CONFIG_FILES    = 
  CONFIG_HEADERS  = 
  CONFIG_LINKS    = 
  CONFIG_COMMANDS = 
  $ ./config.status 

on ahpcrc-login02.stanford.edu

config.status:637: creating makedeps.sh
config.status:637: creating Makefile
config.status:637: creating src/Makefile

## ---------------- ##
## Cache variables. ##
## ---------------- ##

ac_cv_env_build_alias_set=
ac_cv_env_build_alias_value=
ac_cv_env_host_alias_set=
ac_cv_env_host_alias_value=
ac_cv_env_target_alias_set=
ac_cv_env_target_alias_value=
ac_cv_file__home_sy0302_works_espresso_Modules_version_f90=yes
ac_cv_file__home_sy0302_works_espresso_make_sys=yes

## ----------------- ##
## Output variables. ##
## ----------------- ##

DEFS='-DPACKAGE_NAME=\"reed_tddft\" -DPACKAGE_TARNAME=\"reed_tddft\" -DPACKAGE_VERSION=\"1.0\" -DPACKAGE_STRING=\"reed_tddft\ 1.0\" -DPACKAGE_BUGREPORT=\"sy0302@stanford.edu\"'
ECHO_C=''
ECHO_N='-n'
ECHO_T=''
LIBOBJS=''
LIBS=''
LTLIBOBJS=''
PACKAGE_BUGREPORT='sy0302@stanford.edu'
PACKAGE_NAME='reed_tddft'
PACKAGE_STRING='reed_tddft 1.0'
PACKAGE_TARNAME='reed_tddft'
PACKAGE_VERSION='1.0'
PATH_SEPARATOR=':'
SHELL='/bin/sh'
bindir='${exec_prefix}/bin'
build_alias=''
datadir='${datarootdir}'
datarootdir='${prefix}/share'
docdir='${datarootdir}/doc/${PACKAGE_TARNAME}'
dvidir='${docdir}'
exec_prefix='${prefix}'
host_alias=''
htmldir='${docdir}'
includedir='${prefix}/include'
infodir='${datarootdir}/info'
libdir='${exec_prefix}/lib'
libexecdir='${exec_prefix}/libexec'
localedir='${datarootdir}/locale'
localstatedir='${prefix}/var'
mandir='${datarootdir}/man'
oldincludedir='/usr/include'
pdfdir='${docdir}'
prefix='/usr/local'
program_transform_name='s,x,x,'
psdir='${docdir}'
qepath='/home/sy0302/works/espresso'
sbindir='${exec_prefix}/sbin'
sharedstatedir='${prefix}/com'
sysconfdir='${prefix}/etc'
target_alias=''

## ----------- ##
## confdefs.h. ##
## ----------- ##

#define PACKAGE_NAME "reed_tddft"
#define PACKAGE_TARNAME "reed_tddft"
#define PACKAGE_VERSION "1.0"
#define PACKAGE_STRING "reed_tddft 1.0"
#define PACKAGE_BUGREPORT "sy0302@stanford.edu"

configure: exit 0
